#
# There is insufficient memory for the Java Runtime Environment to continue.
# Native memory allocation (malloc) failed to allocate 32744 bytes for ChunkPool::allocate
# Possible reasons:
#   The system is out of physical RAM or swap space
#   The process is running with CompressedOops enabled, and the Java Heap may be blocking the growth of the native heap
# Possible solutions:
#   Reduce memory load on the system
#   Increase physical memory or swap space
#   Check if swap backing store is full
#   Decrease Java heap size (-Xmx/-Xms)
#   Decrease number of Java threads
#   Decrease Java thread stack sizes (-Xss)
#   Set larger code cache with -XX:ReservedCodeCacheSize=
#   JVM is running with Zero Based Compressed Oops mode in which the Java heap is
#     placed in the first 32GB address space. The Java Heap base address is the
#     maximum limit for the native heap growth. Please use -XX:HeapBaseMinAddress
#     to set the Java Heap base and to place the Java Heap above 32GB virtual address.
# This output file may be truncated or incomplete.
#
#  Out of Memory Error (./src/hotspot/share/memory/arena.cpp:81), pid=87496, tid=87772
#
# JRE version: OpenJDK Runtime Environment (11.0.12+7) (build 11.0.12+7-b1504.28-7817840)
# Java VM: OpenJDK 64-Bit Server VM (11.0.12+7-b1504.28-7817840, mixed mode, tiered, compressed oops, g1 gc, windows-amd64)
# No core dump will be written. Minidumps are not enabled by default on client versions of Windows
#

---------------  S U M M A R Y ------------

Command Line: -XX:MaxPermSize=2048m -XX:+HeapDumpOnOutOfMemoryError --add-opens=java.base/java.util=ALL-UNNAMED --add-opens=java.base/java.lang=ALL-UNNAMED --add-opens=java.base/java.lang.invoke=ALL-UNNAMED --add-opens=java.base/java.util=ALL-UNNAMED --add-opens=java.prefs/java.util.prefs=ALL-UNNAMED --add-opens=java.prefs/java.util.prefs=ALL-UNNAMED --add-opens=java.base/java.nio.charset=ALL-UNNAMED --add-opens=java.base/java.net=ALL-UNNAMED --add-opens=java.base/java.util.concurrent.atomic=ALL-UNNAMED -Xmx4096m -Dfile.encoding=UTF-8 -Duser.country=CN -Duser.language=zh -Duser.variant org.gradle.launcher.daemon.bootstrap.GradleDaemon 7.3.3

Host: Intel(R) Core(TM) i7-4710HQ CPU @ 2.50GHz, 8 cores, 7G,  Windows 7 , 64 bit Build 7601 (6.1.7601.24384)
Time: Sat Jul 16 17:09:54 2022 ?D1¨²¡À¨º¡Á?¨º¡À?? elapsed time: 96.346165 seconds (0d 0h 1m 36s)

---------------  T H R E A D  ---------------

Current thread (0x00000000237b2000):  JavaThread "C2 CompilerThread0" daemon [_thread_in_native, id=87772, stack(0x0000000024000000,0x0000000024100000)]


Current CompileTask:
C2:  96346 2026   !   4       java.lang.ClassLoader::loadClass (122 bytes)

Stack: [0x0000000024000000,0x0000000024100000]
Native frames: (J=compiled Java code, j=interpreted, Vv=VM code, C=native code)
V  [jvm.dll+0x5fbcea]
V  [jvm.dll+0x731905]
V  [jvm.dll+0x732f1d]
V  [jvm.dll+0x7335d3]
V  [jvm.dll+0x247bf8]
V  [jvm.dll+0xc041b]
V  [jvm.dll+0xc06cc]
V  [jvm.dll+0xc02cc]
V  [jvm.dll+0x6282e0]
V  [jvm.dll+0x62c41e]
V  [jvm.dll+0x19d188]
V  [jvm.dll+0x20070e]
V  [jvm.dll+0x1ff794]
V  [jvm.dll+0x18868c]
V  [jvm.dll+0x20e0d7]
V  [jvm.dll+0x20c901]
V  [jvm.dll+0x6f9b7f]
V  [jvm.dll+0x6f26a5]
V  [jvm.dll+0x5fabf6]
C  [ucrtbase.DLL+0x6be1d]
C  [kernel32.dll+0x1570d]
C  [ntdll.dll+0x5385d]


---------------  P R O C E S S  ---------------

Threads class SMR info:
_java_thread_list=0x0000000025a32930, length=24, elements={
0x00000000004de000, 0x0000000022a2d800, 0x0000000022a37000, 0x0000000022a4d000,
0x00000000237b0800, 0x00000000237b1000, 0x00000000237b2000, 0x00000000237c0800,
0x00000000237c1800, 0x000000002395b800, 0x0000000025d5e800, 0x0000000024d7b800,
0x0000000024d7c000, 0x000000002567e000, 0x0000000024bf1800, 0x0000000025107800,
0x0000000025425000, 0x000000002583b000, 0x0000000025426000, 0x0000000025728000,
0x0000000025728800, 0x0000000025729800, 0x000000002572a800, 0x000000002572b000
}

Java Threads: ( => current thread )
  0x00000000004de000 JavaThread "main" [_thread_blocked, id=87584, stack(0x0000000002160000,0x0000000002260000)]
  0x0000000022a2d800 JavaThread "Reference Handler" daemon [_thread_blocked, id=84200, stack(0x00000000234e0000,0x00000000235e0000)]
  0x0000000022a37000 JavaThread "Finalizer" daemon [_thread_blocked, id=87148, stack(0x00000000236a0000,0x00000000237a0000)]
  0x0000000022a4d000 JavaThread "Signal Dispatcher" daemon [_thread_blocked, id=87692, stack(0x00000000225f0000,0x00000000226f0000)]
  0x00000000237b0800 JavaThread "Attach Listener" daemon [_thread_blocked, id=87756, stack(0x0000000023d50000,0x0000000023e50000)]
  0x00000000237b1000 JavaThread "Service Thread" daemon [_thread_blocked, id=87760, stack(0x0000000023bd0000,0x0000000023cd0000)]
=>0x00000000237b2000 JavaThread "C2 CompilerThread0" daemon [_thread_in_native, id=87772, stack(0x0000000024000000,0x0000000024100000)]
  0x00000000237c0800 JavaThread "C1 CompilerThread0" daemon [_thread_blocked, id=87768, stack(0x0000000024100000,0x0000000024200000)]
  0x00000000237c1800 JavaThread "Sweeper thread" daemon [_thread_blocked, id=73864, stack(0x00000000242d0000,0x00000000243d0000)]
  0x000000002395b800 JavaThread "Common-Cleaner" daemon [_thread_blocked, id=86280, stack(0x00000000233e0000,0x00000000234e0000)]
  0x0000000025d5e800 JavaThread "Daemon health stats" [_thread_blocked, id=84368, stack(0x00000000275c0000,0x00000000276c0000)]
  0x0000000024d7b800 JavaThread "Incoming local TCP Connector on port 57220" [_thread_in_native, id=83808, stack(0x0000000027940000,0x0000000027a40000)]
  0x0000000024d7c000 JavaThread "Daemon periodic checks" [_thread_blocked, id=86276, stack(0x0000000023e60000,0x0000000023f60000)]
  0x000000002567e000 JavaThread "Daemon" [_thread_blocked, id=86644, stack(0x0000000027c90000,0x0000000027d90000)]
  0x0000000024bf1800 JavaThread "Handler for socket connection from /127.0.0.1:57220 to /127.0.0.1:57236" [_thread_in_native, id=86812, stack(0x0000000027de0000,0x0000000027ee0000)]
  0x0000000025107800 JavaThread "Cancel handler" [_thread_blocked, id=82852, stack(0x0000000028050000,0x0000000028150000)]
  0x0000000025425000 JavaThread "Daemon worker" [_thread_in_vm, id=85516, stack(0x0000000027f30000,0x0000000028030000)]
  0x000000002583b000 JavaThread "Asynchronous log dispatcher for DefaultDaemonConnection: socket connection from /127.0.0.1:57220 to /127.0.0.1:57236" [_thread_blocked, id=86572, stack(0x00000000282b0000,0x00000000283b0000)]
  0x0000000025426000 JavaThread "Stdin handler" [_thread_blocked, id=86452, stack(0x0000000028480000,0x0000000028580000)]
  0x0000000025728000 JavaThread "Daemon client event forwarder" [_thread_blocked, id=83116, stack(0x0000000028170000,0x0000000028270000)]
  0x0000000025728800 JavaThread "Cache worker for journal cache (E:\Users\Administrator\.gradle\caches\journal-1)" [_thread_blocked, id=88336, stack(0x0000000028f10000,0x0000000029010000)]
  0x0000000025729800 JavaThread "File lock request listener" [_thread_in_native, id=88368, stack(0x0000000029080000,0x0000000029180000)]
  0x000000002572a800 JavaThread "File lock release action executor" [_thread_blocked, id=88412, stack(0x0000000029190000,0x0000000029290000)]
  0x000000002572b000 JavaThread "Cache worker for file hash cache (E:\Users\Administrator\.gradle\caches\7.3.3\fileHashes)" [_thread_blocked, id=88472, stack(0x0000000029780000,0x0000000029880000)]

Other Threads:
  0x0000000022a27000 VMThread "VM Thread" [stack: 0x00000000232e0000,0x00000000233e0000] [id=82016]
  0x0000000023963000 WatcherThread [stack: 0x0000000024490000,0x0000000024590000] [id=87936]
  0x00000000004f5000 GCTaskThread "GC Thread#0" [stack: 0x0000000015520000,0x0000000015620000] [id=85732]
  0x0000000024a01800 GCTaskThread "GC Thread#1" [stack: 0x00000000260c0000,0x00000000261c0000] [id=87544]
  0x0000000024dd0800 GCTaskThread "GC Thread#2" [stack: 0x00000000262d0000,0x00000000263d0000] [id=82796]
  0x0000000000487800 GCTaskThread "GC Thread#3" [stack: 0x0000000028600000,0x0000000028700000] [id=88072]
  0x0000000025abf000 GCTaskThread "GC Thread#4" [stack: 0x0000000028880000,0x0000000028980000] [id=88076]
  0x0000000025352000 GCTaskThread "GC Thread#5" [stack: 0x0000000028a30000,0x0000000028b30000] [id=88080]
  0x0000000024ad1000 GCTaskThread "GC Thread#6" [stack: 0x0000000028b70000,0x0000000028c70000] [id=88084]
  0x0000000000411800 GCTaskThread "GC Thread#7" [stack: 0x0000000028750000,0x0000000028850000] [id=88088]
  0x0000000015ee4000 ConcurrentGCThread "G1 Main Marker" [stack: 0x000000001f970000,0x000000001fa70000] [id=80396]
  0x0000000015ee5800 ConcurrentGCThread "G1 Conc#0" [stack: 0x000000001fab0000,0x000000001fbb0000] [id=85152]
  0x0000000025803800 ConcurrentGCThread "G1 Conc#1" [stack: 0x0000000029660000,0x0000000029760000] [id=88432]
  0x0000000015f8d000 ConcurrentGCThread "G1 Refine#0" [stack: 0x00000000224a0000,0x00000000225a0000] [id=85960]
  0x0000000015f8e000 ConcurrentGCThread "G1 Young RemSet Sampling" [stack: 0x0000000022750000,0x0000000022850000] [id=83464]

Threads with active compile tasks:
C2 CompilerThread0  96659 2026   !   4       java.lang.ClassLoader::loadClass (122 bytes)

VM state:not at safepoint (normal execution)

VM Mutex/Monitor currently owned by a thread: None

Heap address: 0x0000000700000000, size: 4096 MB, Compressed Oops mode: Zero based, Oop shift amount: 3
Narrow klass base: 0x0000000800000000, Narrow klass shift: 0
Compressed class space size: 1073741824 Address: 0x0000000800000000

Heap:
 garbage-first heap   total 131072K, used 19262K [0x0000000700000000, 0x0000000800000000)
  region size 1024K, 4 young (4096K), 1 survivors (1024K)
 Metaspace       used 21003K, capacity 21477K, committed 21680K, reserved 1069056K
  class space    used 2563K, capacity 2714K, committed 2816K, reserved 1048576K
Heap Regions: E=young(eden), S=young(survivor), O=old, HS=humongous(starts), HC=humongous(continues), CS=collection set, F=free, A=archive, TAMS=top-at-mark-start (previous, next)
|   0|0x0000000700000000, 0x0000000700100000, 0x0000000700100000|100%| O|  |TAMS 0x0000000700100000, 0x0000000700000000| Untracked 
|   1|0x0000000700100000, 0x0000000700200000, 0x0000000700200000|100%| O|  |TAMS 0x0000000700200000, 0x0000000700100000| Untracked 
|   2|0x0000000700200000, 0x0000000700300000, 0x0000000700300000|100%| O|  |TAMS 0x0000000700300000, 0x0000000700200000| Untracked 
|   3|0x0000000700300000, 0x0000000700400000, 0x0000000700400000|100%|HS|  |TAMS 0x0000000700400000, 0x0000000700300000| Complete 
|   4|0x0000000700400000, 0x0000000700500000, 0x0000000700500000|100%|HC|  |TAMS 0x0000000700500000, 0x0000000700400000| Complete 
|   5|0x0000000700500000, 0x0000000700600000, 0x0000000700600000|100%|HC|  |TAMS 0x0000000700600000, 0x0000000700500000| Complete 
|   6|0x0000000700600000, 0x0000000700700000, 0x0000000700700000|100%| O|  |TAMS 0x0000000700700000, 0x0000000700600000| Untracked 
|   7|0x0000000700700000, 0x0000000700800000, 0x0000000700800000|100%| O|  |TAMS 0x0000000700800000, 0x0000000700700000| Untracked 
|   8|0x0000000700800000, 0x0000000700900000, 0x0000000700900000|100%| O|  |TAMS 0x0000000700900000, 0x0000000700800000| Untracked 
|   9|0x0000000700900000, 0x0000000700a00000, 0x0000000700a00000|100%| O|  |TAMS 0x0000000700a00000, 0x0000000700900000| Untracked 
|  10|0x0000000700a00000, 0x0000000700b00000, 0x0000000700b00000|100%| O|  |TAMS 0x0000000700b00000, 0x0000000700a00000| Untracked 
|  11|0x0000000700b00000, 0x0000000700c00000, 0x0000000700c00000|100%| O|  |TAMS 0x0000000700c00000, 0x0000000700b00000| Untracked 
|  12|0x0000000700c00000, 0x0000000700d00000, 0x0000000700d00000|100%| O|  |TAMS 0x0000000700d00000, 0x0000000700c00000| Untracked 
|  13|0x0000000700d00000, 0x0000000700e00000, 0x0000000700e00000|100%| O|  |TAMS 0x0000000700e00000, 0x0000000700d00000| Untracked 
|  14|0x0000000700e00000, 0x0000000700f00000, 0x0000000700f00000|100%| O|  |TAMS 0x0000000700f00000, 0x0000000700e00000| Untracked 
|  15|0x0000000700f00000, 0x0000000700fdb800, 0x0000000701000000| 85%| O|  |TAMS 0x0000000700fdb800, 0x0000000700f00000| Untracked 
|  16|0x0000000701000000, 0x0000000701000000, 0x0000000701100000|  0%| F|  |TAMS 0x0000000701000000, 0x0000000701000000| Untracked 
|  17|0x0000000701100000, 0x0000000701100000, 0x0000000701200000|  0%| F|  |TAMS 0x0000000701100000, 0x0000000701100000| Untracked 
|  18|0x0000000701200000, 0x0000000701200000, 0x0000000701300000|  0%| F|  |TAMS 0x0000000701200000, 0x0000000701200000| Untracked 
|  19|0x0000000701300000, 0x0000000701300000, 0x0000000701400000|  0%| F|  |TAMS 0x0000000701300000, 0x0000000701300000| Untracked 
|  20|0x0000000701400000, 0x0000000701400000, 0x0000000701500000|  0%| F|  |TAMS 0x0000000701400000, 0x0000000701400000| Untracked 
|  21|0x0000000701500000, 0x0000000701500000, 0x0000000701600000|  0%| F|  |TAMS 0x0000000701500000, 0x0000000701500000| Untracked 
|  22|0x0000000701600000, 0x0000000701600000, 0x0000000701700000|  0%| F|  |TAMS 0x0000000701600000, 0x0000000701600000| Untracked 
|  23|0x0000000701700000, 0x0000000701700000, 0x0000000701800000|  0%| F|  |TAMS 0x0000000701700000, 0x0000000701700000| Untracked 
|  24|0x0000000701800000, 0x0000000701800000, 0x0000000701900000|  0%| F|  |TAMS 0x0000000701800000, 0x0000000701800000| Untracked 
|  25|0x0000000701900000, 0x0000000701900000, 0x0000000701a00000|  0%| F|  |TAMS 0x0000000701900000, 0x0000000701900000| Untracked 
|  26|0x0000000701a00000, 0x0000000701a00000, 0x0000000701b00000|  0%| F|  |TAMS 0x0000000701a00000, 0x0000000701a00000| Untracked 
|  27|0x0000000701b00000, 0x0000000701b00000, 0x0000000701c00000|  0%| F|  |TAMS 0x0000000701b00000, 0x0000000701b00000| Untracked 
|  28|0x0000000701c00000, 0x0000000701c00000, 0x0000000701d00000|  0%| F|  |TAMS 0x0000000701c00000, 0x0000000701c00000| Untracked 
|  29|0x0000000701d00000, 0x0000000701d00000, 0x0000000701e00000|  0%| F|  |TAMS 0x0000000701d00000, 0x0000000701d00000| Untracked 
|  30|0x0000000701e00000, 0x0000000701e00000, 0x0000000701f00000|  0%| F|  |TAMS 0x0000000701e00000, 0x0000000701e00000| Untracked 
|  31|0x0000000701f00000, 0x0000000701f00000, 0x0000000702000000|  0%| F|  |TAMS 0x0000000701f00000, 0x0000000701f00000| Untracked 
|  32|0x0000000702000000, 0x0000000702000000, 0x0000000702100000|  0%| F|  |TAMS 0x0000000702000000, 0x0000000702000000| Untracked 
|  33|0x0000000702100000, 0x0000000702100000, 0x0000000702200000|  0%| F|  |TAMS 0x0000000702100000, 0x0000000702100000| Untracked 
|  34|0x0000000702200000, 0x0000000702200000, 0x0000000702300000|  0%| F|  |TAMS 0x0000000702200000, 0x0000000702200000| Untracked 
|  35|0x0000000702300000, 0x0000000702300000, 0x0000000702400000|  0%| F|  |TAMS 0x0000000702300000, 0x0000000702300000| Untracked 
|  36|0x0000000702400000, 0x0000000702400000, 0x0000000702500000|  0%| F|  |TAMS 0x0000000702400000, 0x0000000702400000| Untracked 
|  37|0x0000000702500000, 0x0000000702500000, 0x0000000702600000|  0%| F|  |TAMS 0x0000000702500000, 0x0000000702500000| Untracked 
|  38|0x0000000702600000, 0x0000000702600000, 0x0000000702700000|  0%| F|  |TAMS 0x0000000702600000, 0x0000000702600000| Untracked 
|  39|0x0000000702700000, 0x0000000702700000, 0x0000000702800000|  0%| F|  |TAMS 0x0000000702700000, 0x0000000702700000| Untracked 
|  40|0x0000000702800000, 0x0000000702800000, 0x0000000702900000|  0%| F|  |TAMS 0x0000000702800000, 0x0000000702800000| Untracked 
|  41|0x0000000702900000, 0x0000000702900000, 0x0000000702a00000|  0%| F|  |TAMS 0x0000000702900000, 0x0000000702900000| Untracked 
|  42|0x0000000702a00000, 0x0000000702a00000, 0x0000000702b00000|  0%| F|  |TAMS 0x0000000702a00000, 0x0000000702a00000| Untracked 
|  43|0x0000000702b00000, 0x0000000702b00000, 0x0000000702c00000|  0%| F|  |TAMS 0x0000000702b00000, 0x0000000702b00000| Untracked 
|  44|0x0000000702c00000, 0x0000000702c00000, 0x0000000702d00000|  0%| F|  |TAMS 0x0000000702c00000, 0x0000000702c00000| Untracked 
|  45|0x0000000702d00000, 0x0000000702d00000, 0x0000000702e00000|  0%| F|  |TAMS 0x0000000702d00000, 0x0000000702d00000| Untracked 
|  46|0x0000000702e00000, 0x0000000702e00000, 0x0000000702f00000|  0%| F|  |TAMS 0x0000000702e00000, 0x0000000702e00000| Untracked 
|  47|0x0000000702f00000, 0x0000000702f00000, 0x0000000703000000|  0%| F|  |TAMS 0x0000000702f00000, 0x0000000702f00000| Untracked 
|  48|0x0000000703000000, 0x0000000703000000, 0x0000000703100000|  0%| F|  |TAMS 0x0000000703000000, 0x0000000703000000| Untracked 
|  49|0x0000000703100000, 0x0000000703100000, 0x0000000703200000|  0%| F|  |TAMS 0x0000000703100000, 0x0000000703100000| Untracked 
|  50|0x0000000703200000, 0x0000000703200000, 0x0000000703300000|  0%| F|  |TAMS 0x0000000703200000, 0x0000000703200000| Untracked 
|  51|0x0000000703300000, 0x0000000703300000, 0x0000000703400000|  0%| F|  |TAMS 0x0000000703300000, 0x0000000703300000| Untracked 
|  52|0x0000000703400000, 0x0000000703400000, 0x0000000703500000|  0%| F|  |TAMS 0x0000000703400000, 0x0000000703400000| Untracked 
|  53|0x0000000703500000, 0x0000000703500000, 0x0000000703600000|  0%| F|  |TAMS 0x0000000703500000, 0x0000000703500000| Untracked 
|  54|0x0000000703600000, 0x0000000703600000, 0x0000000703700000|  0%| F|  |TAMS 0x0000000703600000, 0x0000000703600000| Untracked 
|  55|0x0000000703700000, 0x0000000703700000, 0x0000000703800000|  0%| F|  |TAMS 0x0000000703700000, 0x0000000703700000| Untracked 
|  56|0x0000000703800000, 0x0000000703800000, 0x0000000703900000|  0%| F|  |TAMS 0x0000000703800000, 0x0000000703800000| Untracked 
|  57|0x0000000703900000, 0x0000000703900000, 0x0000000703a00000|  0%| F|  |TAMS 0x0000000703900000, 0x0000000703900000| Untracked 
|  58|0x0000000703a00000, 0x0000000703a00000, 0x0000000703b00000|  0%| F|  |TAMS 0x0000000703a00000, 0x0000000703a00000| Untracked 
|  59|0x0000000703b00000, 0x0000000703b00000, 0x0000000703c00000|  0%| F|  |TAMS 0x0000000703b00000, 0x0000000703b00000| Untracked 
|  60|0x0000000703c00000, 0x0000000703c00000, 0x0000000703d00000|  0%| F|  |TAMS 0x0000000703c00000, 0x0000000703c00000| Untracked 
|  61|0x0000000703d00000, 0x0000000703d00000, 0x0000000703e00000|  0%| F|  |TAMS 0x0000000703d00000, 0x0000000703d00000| Untracked 
|  62|0x0000000703e00000, 0x0000000703e00000, 0x0000000703f00000|  0%| F|  |TAMS 0x0000000703e00000, 0x0000000703e00000| Untracked 
|  63|0x0000000703f00000, 0x0000000703f00000, 0x0000000704000000|  0%| F|  |TAMS 0x0000000703f00000, 0x0000000703f00000| Untracked 
|  64|0x0000000704000000, 0x0000000704000000, 0x0000000704100000|  0%| F|  |TAMS 0x0000000704000000, 0x0000000704000000| Untracked 
|  65|0x0000000704100000, 0x0000000704100000, 0x0000000704200000|  0%| F|  |TAMS 0x0000000704100000, 0x0000000704100000| Untracked 
|  66|0x0000000704200000, 0x0000000704200000, 0x0000000704300000|  0%| F|  |TAMS 0x0000000704200000, 0x0000000704200000| Untracked 
|  67|0x0000000704300000, 0x0000000704300000, 0x0000000704400000|  0%| F|  |TAMS 0x0000000704300000, 0x0000000704300000| Untracked 
|  68|0x0000000704400000, 0x0000000704400000, 0x0000000704500000|  0%| F|  |TAMS 0x0000000704400000, 0x0000000704400000| Untracked 
|  69|0x0000000704500000, 0x0000000704500000, 0x0000000704600000|  0%| F|  |TAMS 0x0000000704500000, 0x0000000704500000| Untracked 
|  70|0x0000000704600000, 0x0000000704600000, 0x0000000704700000|  0%| F|  |TAMS 0x0000000704600000, 0x0000000704600000| Untracked 
|  71|0x0000000704700000, 0x0000000704700000, 0x0000000704800000|  0%| F|  |TAMS 0x0000000704700000, 0x0000000704700000| Untracked 
|  72|0x0000000704800000, 0x0000000704800000, 0x0000000704900000|  0%| F|  |TAMS 0x0000000704800000, 0x0000000704800000| Untracked 
|  73|0x0000000704900000, 0x0000000704900000, 0x0000000704a00000|  0%| F|  |TAMS 0x0000000704900000, 0x0000000704900000| Untracked 
|  74|0x0000000704a00000, 0x0000000704a00000, 0x0000000704b00000|  0%| F|  |TAMS 0x0000000704a00000, 0x0000000704a00000| Untracked 
|  75|0x0000000704b00000, 0x0000000704b00000, 0x0000000704c00000|  0%| F|  |TAMS 0x0000000704b00000, 0x0000000704b00000| Untracked 
|  76|0x0000000704c00000, 0x0000000704c00000, 0x0000000704d00000|  0%| F|  |TAMS 0x0000000704c00000, 0x0000000704c00000| Untracked 
|  77|0x0000000704d00000, 0x0000000704d00000, 0x0000000704e00000|  0%| F|  |TAMS 0x0000000704d00000, 0x0000000704d00000| Untracked 
|  78|0x0000000704e00000, 0x0000000704e00000, 0x0000000704f00000|  0%| F|  |TAMS 0x0000000704e00000, 0x0000000704e00000| Untracked 
|  79|0x0000000704f00000, 0x0000000704f00000, 0x0000000705000000|  0%| F|  |TAMS 0x0000000704f00000, 0x0000000704f00000| Untracked 
|  80|0x0000000705000000, 0x0000000705000000, 0x0000000705100000|  0%| F|  |TAMS 0x0000000705000000, 0x0000000705000000| Untracked 
|  81|0x0000000705100000, 0x0000000705100000, 0x0000000705200000|  0%| F|  |TAMS 0x0000000705100000, 0x0000000705100000| Untracked 
|  82|0x0000000705200000, 0x0000000705200000, 0x0000000705300000|  0%| F|  |TAMS 0x0000000705200000, 0x0000000705200000| Untracked 
|  83|0x0000000705300000, 0x0000000705300000, 0x0000000705400000|  0%| F|  |TAMS 0x0000000705300000, 0x0000000705300000| Untracked 
|  84|0x0000000705400000, 0x0000000705400000, 0x0000000705500000|  0%| F|  |TAMS 0x0000000705400000, 0x0000000705400000| Untracked 
|  85|0x0000000705500000, 0x0000000705500000, 0x0000000705600000|  0%| F|  |TAMS 0x0000000705500000, 0x0000000705500000| Untracked 
|  86|0x0000000705600000, 0x0000000705600000, 0x0000000705700000|  0%| F|  |TAMS 0x0000000705600000, 0x0000000705600000| Untracked 
|  87|0x0000000705700000, 0x0000000705700000, 0x0000000705800000|  0%| F|  |TAMS 0x0000000705700000, 0x0000000705700000| Untracked 
|  88|0x0000000705800000, 0x0000000705800000, 0x0000000705900000|  0%| F|  |TAMS 0x0000000705800000, 0x0000000705800000| Untracked 
|  89|0x0000000705900000, 0x0000000705900000, 0x0000000705a00000|  0%| F|  |TAMS 0x0000000705900000, 0x0000000705900000| Untracked 
|  90|0x0000000705a00000, 0x0000000705a00000, 0x0000000705b00000|  0%| F|  |TAMS 0x0000000705a00000, 0x0000000705a00000| Untracked 
|  91|0x0000000705b00000, 0x0000000705b00000, 0x0000000705c00000|  0%| F|  |TAMS 0x0000000705b00000, 0x0000000705b00000| Untracked 
|  92|0x0000000705c00000, 0x0000000705c00000, 0x0000000705d00000|  0%| F|  |TAMS 0x0000000705c00000, 0x0000000705c00000| Untracked 
|  93|0x0000000705d00000, 0x0000000705d00000, 0x0000000705e00000|  0%| F|  |TAMS 0x0000000705d00000, 0x0000000705d00000| Untracked 
|  94|0x0000000705e00000, 0x0000000705e00000, 0x0000000705f00000|  0%| F|  |TAMS 0x0000000705e00000, 0x0000000705e00000| Untracked 
|  95|0x0000000705f00000, 0x0000000705f00000, 0x0000000706000000|  0%| F|  |TAMS 0x0000000705f00000, 0x0000000705f00000| Untracked 
|  96|0x0000000706000000, 0x0000000706000000, 0x0000000706100000|  0%| F|  |TAMS 0x0000000706000000, 0x0000000706000000| Untracked 
|  97|0x0000000706100000, 0x00000007061f4190, 0x0000000706200000| 95%| S|CS|TAMS 0x0000000706100000, 0x0000000706100000| Complete 
|  98|0x0000000706200000, 0x0000000706200000, 0x0000000706300000|  0%| F|  |TAMS 0x0000000706200000, 0x0000000706200000| Untracked 
|  99|0x0000000706300000, 0x0000000706300000, 0x0000000706400000|  0%| F|  |TAMS 0x0000000706300000, 0x0000000706300000| Untracked 
| 100|0x0000000706400000, 0x0000000706400000, 0x0000000706500000|  0%| F|  |TAMS 0x0000000706400000, 0x0000000706400000| Untracked 
| 101|0x0000000706500000, 0x0000000706500000, 0x0000000706600000|  0%| F|  |TAMS 0x0000000706500000, 0x0000000706500000| Untracked 
| 102|0x0000000706600000, 0x0000000706600000, 0x0000000706700000|  0%| F|  |TAMS 0x0000000706600000, 0x0000000706600000| Untracked 
| 103|0x0000000706700000, 0x0000000706700000, 0x0000000706800000|  0%| F|  |TAMS 0x0000000706700000, 0x0000000706700000| Untracked 
| 104|0x0000000706800000, 0x0000000706800000, 0x0000000706900000|  0%| F|  |TAMS 0x0000000706800000, 0x0000000706800000| Untracked 
| 105|0x0000000706900000, 0x0000000706900000, 0x0000000706a00000|  0%| F|  |TAMS 0x0000000706900000, 0x0000000706900000| Untracked 
| 106|0x0000000706a00000, 0x0000000706a00000, 0x0000000706b00000|  0%| F|  |TAMS 0x0000000706a00000, 0x0000000706a00000| Untracked 
| 107|0x0000000706b00000, 0x0000000706b00000, 0x0000000706c00000|  0%| F|  |TAMS 0x0000000706b00000, 0x0000000706b00000| Untracked 
| 108|0x0000000706c00000, 0x0000000706c00000, 0x0000000706d00000|  0%| F|  |TAMS 0x0000000706c00000, 0x0000000706c00000| Untracked 
| 109|0x0000000706d00000, 0x0000000706d00000, 0x0000000706e00000|  0%| F|  |TAMS 0x0000000706d00000, 0x0000000706d00000| Untracked 
| 110|0x0000000706e00000, 0x0000000706e00000, 0x0000000706f00000|  0%| F|  |TAMS 0x0000000706e00000, 0x0000000706e00000| Untracked 
| 111|0x0000000706f00000, 0x0000000706f00000, 0x0000000707000000|  0%| F|  |TAMS 0x0000000706f00000, 0x0000000706f00000| Untracked 
| 112|0x0000000707000000, 0x0000000707000000, 0x0000000707100000|  0%| F|  |TAMS 0x0000000707000000, 0x0000000707000000| Untracked 
| 113|0x0000000707100000, 0x0000000707100000, 0x0000000707200000|  0%| F|  |TAMS 0x0000000707100000, 0x0000000707100000| Untracked 
| 114|0x0000000707200000, 0x0000000707200000, 0x0000000707300000|  0%| F|  |TAMS 0x0000000707200000, 0x0000000707200000| Untracked 
| 115|0x0000000707300000, 0x0000000707300000, 0x0000000707400000|  0%| F|  |TAMS 0x0000000707300000, 0x0000000707300000| Untracked 
| 116|0x0000000707400000, 0x0000000707400000, 0x0000000707500000|  0%| F|  |TAMS 0x0000000707400000, 0x0000000707400000| Untracked 
| 117|0x0000000707500000, 0x0000000707500000, 0x0000000707600000|  0%| F|  |TAMS 0x0000000707500000, 0x0000000707500000| Untracked 
| 118|0x0000000707600000, 0x0000000707600000, 0x0000000707700000|  0%| F|  |TAMS 0x0000000707600000, 0x0000000707600000| Untracked 
| 119|0x0000000707700000, 0x0000000707700000, 0x0000000707800000|  0%| F|  |TAMS 0x0000000707700000, 0x0000000707700000| Untracked 
| 120|0x0000000707800000, 0x0000000707800000, 0x0000000707900000|  0%| F|  |TAMS 0x0000000707800000, 0x0000000707800000| Untracked 
| 121|0x0000000707900000, 0x0000000707900000, 0x0000000707a00000|  0%| F|  |TAMS 0x0000000707900000, 0x0000000707900000| Untracked 
| 122|0x0000000707a00000, 0x0000000707a00000, 0x0000000707b00000|  0%| F|  |TAMS 0x0000000707a00000, 0x0000000707a00000| Untracked 
| 123|0x0000000707b00000, 0x0000000707b00000, 0x0000000707c00000|  0%| F|  |TAMS 0x0000000707b00000, 0x0000000707b00000| Untracked 
| 124|0x0000000707c00000, 0x0000000707c00000, 0x0000000707d00000|  0%| F|  |TAMS 0x0000000707c00000, 0x0000000707c00000| Untracked 
| 125|0x0000000707d00000, 0x0000000707e00000, 0x0000000707e00000|100%| E|  |TAMS 0x0000000707d00000, 0x0000000707d00000| Complete 
| 126|0x0000000707e00000, 0x0000000707f00000, 0x0000000707f00000|100%| E|CS|TAMS 0x0000000707e00000, 0x0000000707e00000| Complete 
| 127|0x0000000707f00000, 0x0000000708000000, 0x0000000708000000|100%| E|CS|TAMS 0x0000000707f00000, 0x0000000707f00000| Complete 

Card table byte_map: [0x00000000167a0000,0x0000000016fa0000] _byte_map_base: 0x0000000012fa0000

Marking Bits (Prev, Next): (CMBitMap*) 0x0000000015ed3750, (CMBitMap*) 0x0000000015ed3718
 Prev Bits: [0x000000001b7a0000, 0x000000001f7a0000)
 Next Bits: [0x00000000177a0000, 0x000000001b7a0000)

Polling page: 0x0000000000330000

Metaspace:

Usage:
  Non-class:     18.32 MB capacity,    18.01 MB ( 98%) used,   287.90 KB (  2%) free+waste,    34.75 KB ( <1%) overhead. 
      Class:      2.65 MB capacity,     2.50 MB ( 94%) used,   133.91 KB (  5%) free+waste,    16.69 KB ( <1%) overhead. 
       Both:     20.97 MB capacity,    20.51 MB ( 98%) used,   421.80 KB (  2%) free+waste,    51.44 KB ( <1%) overhead. 

Virtual space:
  Non-class space:       20.00 MB reserved,      18.42 MB ( 92%) committed 
      Class space:        1.00 GB reserved,       2.75 MB ( <1%) committed 
             Both:        1.02 GB reserved,      21.17 MB (  2%) committed 

Chunk freelists:
   Non-Class:  53.00 KB
       Class:  6.00 KB
        Both:  59.00 KB

MaxMetaspaceSize: 17179869184.00 GB
CompressedClassSpaceSize: 1.00 GB
Initial GC threshold: 20.80 MB
Current GC threshold: 35.08 MB
CDS: off

CodeHeap 'non-profiled nmethods': size=120000Kb used=997Kb max_used=997Kb free=119002Kb
 bounds [0x000000000de70000, 0x000000000e0e0000, 0x00000000153a0000]
CodeHeap 'profiled nmethods': size=120000Kb used=4275Kb max_used=4275Kb free=115724Kb
 bounds [0x0000000006940000, 0x0000000006d70000, 0x000000000de70000]
CodeHeap 'non-nmethods': size=5760Kb used=1213Kb max_used=1234Kb free=4546Kb
 bounds [0x00000000063a0000, 0x0000000006610000, 0x0000000006940000]
 total_blobs=2510 nmethods=2032 adapters=390
 compilation: enabled
              stopped_count=0, restarted_count=0
 full_count=0

Compilation events (20 events):
Event: 95.860 Thread 0x00000000237c0800 nmethod 2024 0x0000000006d6b890 code [0x0000000006d6ba60, 0x0000000006d6bd28]
Event: 95.860 Thread 0x00000000237c0800 2025       3       java.util.Spliterators$EmptySpliterator::forEachRemaining (6 bytes)
Event: 95.860 Thread 0x00000000237c0800 nmethod 2025 0x0000000006d6be90 code [0x0000000006d6c060, 0x0000000006d6c2c8]
Event: 95.860 Thread 0x00000000237c0800 2023       1       java.util.stream.ReferencePipeline$StatelessOp::opIsStateful (2 bytes)
Event: 95.860 Thread 0x00000000237c0800 nmethod 2023 0x000000000df68510 code [0x000000000df686c0, 0x000000000df68778]
Event: 95.905 Thread 0x00000000237b2000 2026   !   4       java.lang.ClassLoader::loadClass (122 bytes)
Event: 96.024 Thread 0x00000000237c0800 2027       3       org.gradle.internal.time.TimeSource$1::nanoTime (4 bytes)
Event: 96.024 Thread 0x00000000237c0800 nmethod 2027 0x0000000006d6c410 code [0x0000000006d6c5c0, 0x0000000006d6c6d8]
Event: 96.145 Thread 0x00000000237c0800 2028       1       sun.nio.ch.NativeThread::current (2 bytes)
Event: 96.145 Thread 0x00000000237c0800 nmethod 2028 0x000000000df68810 code [0x000000000df689c0, 0x000000000df68a58]
Event: 96.155 Thread 0x00000000237c0800 2029       1       java.lang.Long::longValue (5 bytes)
Event: 96.156 Thread 0x00000000237c0800 nmethod 2029 0x000000000df68b10 code [0x000000000df68cc0, 0x000000000df68d78]
Event: 96.159 Thread 0x00000000237c0800 2030       3       java.nio.channels.spi.AbstractInterruptibleChannel::isOpen (13 bytes)
Event: 96.159 Thread 0x00000000237c0800 nmethod 2030 0x0000000006d6c790 code [0x0000000006d6c940, 0x0000000006d6ca98]
Event: 96.160 Thread 0x00000000237c0800 2031       3       sun.nio.ch.FileKey::hashCode (42 bytes)
Event: 96.161 Thread 0x00000000237c0800 nmethod 2031 0x0000000006d6cb10 code [0x0000000006d6ccc0, 0x0000000006d6cdf8]
Event: 96.166 Thread 0x00000000237c0800 2032       1       jdk.internal.reflect.DelegatingMethodAccessorImpl::setDelegate (6 bytes)
Event: 96.166 Thread 0x00000000237c0800 nmethod 2032 0x000000000df68e10 code [0x000000000df68fc0, 0x000000000df690d8]
Event: 96.168 Thread 0x00000000237c0800 2033  s    1       java.net.DatagramPacket::getData (5 bytes)
Event: 96.168 Thread 0x00000000237c0800 nmethod 2033 0x000000000df69190 code [0x000000000df69340, 0x000000000df69598]

GC Heap History (6 events):
Event: 39.282 GC heap before
{Heap before GC invocations=0 (full 0):
 garbage-first heap   total 131072K, used 29696K [0x0000000700000000, 0x0000000800000000)
  region size 1024K, 24 young (24576K), 0 survivors (0K)
 Metaspace       used 10174K, capacity 10403K, committed 10624K, reserved 1058816K
  class space    used 1058K, capacity 1106K, committed 1152K, reserved 1048576K
}
Event: 39.300 GC heap after
{Heap after GC invocations=1 (full 0):
 garbage-first heap   total 131072K, used 9627K [0x0000000700000000, 0x0000000800000000)
  region size 1024K, 3 young (3072K), 3 survivors (3072K)
 Metaspace       used 10174K, capacity 10403K, committed 10624K, reserved 1058816K
  class space    used 1058K, capacity 1106K, committed 1152K, reserved 1048576K
}
Event: 83.331 GC heap before
{Heap before GC invocations=1 (full 0):
 garbage-first heap   total 131072K, used 84379K [0x0000000700000000, 0x0000000800000000)
  region size 1024K, 76 young (77824K), 3 survivors (3072K)
 Metaspace       used 17647K, capacity 18054K, committed 18176K, reserved 1064960K
  class space    used 2075K, capacity 2213K, committed 2304K, reserved 1048576K
}
Event: 83.359 GC heap after
{Heap after GC invocations=2 (full 0):
 garbage-first heap   total 131072K, used 16623K [0x0000000700000000, 0x0000000800000000)
  region size 1024K, 10 young (10240K), 10 survivors (10240K)
 Metaspace       used 17647K, capacity 18054K, committed 18176K, reserved 1064960K
  class space    used 2075K, capacity 2213K, committed 2304K, reserved 1048576K
}
Event: 95.519 GC heap before
{Heap before GC invocations=2 (full 0):
 garbage-first heap   total 131072K, used 45295K [0x0000000700000000, 0x0000000800000000)
  region size 1024K, 40 young (40960K), 10 survivors (10240K)
 Metaspace       used 20756K, capacity 21183K, committed 21296K, reserved 1069056K
  class space    used 2529K, capacity 2680K, committed 2688K, reserved 1048576K
}
Event: 95.536 GC heap after
{Heap after GC invocations=3 (full 0):
 garbage-first heap   total 131072K, used 17214K [0x0000000700000000, 0x0000000800000000)
  region size 1024K, 1 young (1024K), 1 survivors (1024K)
 Metaspace       used 20756K, capacity 21183K, committed 21296K, reserved 1069056K
  class space    used 2529K, capacity 2680K, committed 2688K, reserved 1048576K
}

Deoptimization events (20 events):
Event: 94.326 Thread 0x0000000025425000 Uncommon trap: trap_request=0xffffffde fr.pc=0x000000000de8ab08 relative=0x0000000000000568
Event: 94.326 Thread 0x0000000025425000 Uncommon trap: reason=class_check action=maybe_recompile pc=0x000000000de8ab08 method=java.util.regex.Matcher.match(II)Z @ 121 c2
Event: 94.326 Thread 0x0000000025425000 DEOPT PACKING pc=0x000000000de8ab08 sp=0x0000000028029ec0
Event: 94.326 Thread 0x0000000025425000 DEOPT UNPACKING pc=0x00000000063ea1af sp=0x0000000028029e70 mode 2
Event: 94.754 Thread 0x0000000025425000 Uncommon trap: trap_request=0xffffffde fr.pc=0x000000000de8ab08 relative=0x0000000000000568
Event: 94.754 Thread 0x0000000025425000 Uncommon trap: reason=class_check action=maybe_recompile pc=0x000000000de8ab08 method=java.util.regex.Matcher.match(II)Z @ 121 c2
Event: 94.754 Thread 0x0000000025425000 DEOPT PACKING pc=0x000000000de8ab08 sp=0x0000000028029b20
Event: 94.754 Thread 0x0000000025425000 DEOPT UNPACKING pc=0x00000000063ea1af sp=0x0000000028029ad0 mode 2
Event: 95.272 Thread 0x0000000025425000 Uncommon trap: trap_request=0xffffff4d fr.pc=0x000000000dee0fec relative=0x0000000000000b4c
Event: 95.272 Thread 0x0000000025425000 Uncommon trap: reason=unstable_if action=reinterpret pc=0x000000000dee0fec method=java.util.Properties$LineReader.readLine()I @ 249 c2
Event: 95.272 Thread 0x0000000025425000 DEOPT PACKING pc=0x000000000dee0fec sp=0x00000000280297e0
Event: 95.272 Thread 0x0000000025425000 DEOPT UNPACKING pc=0x00000000063ea1af sp=0x0000000028029780 mode 2
Event: 95.418 Thread 0x0000000025425000 Uncommon trap: trap_request=0xffffff4d fr.pc=0x000000000dedef04 relative=0x0000000000000224
Event: 95.418 Thread 0x0000000025425000 Uncommon trap: reason=unstable_if action=reinterpret pc=0x000000000dedef04 method=java.util.regex.Matcher.reset()Ljava/util/regex/Matcher; @ 71 c2
Event: 95.419 Thread 0x0000000025425000 DEOPT PACKING pc=0x000000000dedef04 sp=0x0000000028028c10
Event: 95.419 Thread 0x0000000025425000 DEOPT UNPACKING pc=0x00000000063ea1af sp=0x0000000028028b98 mode 2
Event: 95.419 Thread 0x0000000025425000 Uncommon trap: trap_request=0xffffff4d fr.pc=0x000000000de8ac04 relative=0x0000000000000664
Event: 95.419 Thread 0x0000000025425000 Uncommon trap: reason=unstable_if action=reinterpret pc=0x000000000de8ac04 method=java.util.regex.Matcher.match(II)Z @ 76 c2
Event: 95.419 Thread 0x0000000025425000 DEOPT PACKING pc=0x000000000de8ac04 sp=0x0000000028028c50
Event: 95.419 Thread 0x0000000025425000 DEOPT UNPACKING pc=0x00000000063ea1af sp=0x0000000028028c10 mode 2

Classes redefined (0 events):
No events

Internal exceptions (20 events):
Event: 31.408 Thread 0x00000000004de000 Exception <a 'java/lang/NoSuchMethodError'{0x0000000706d9ec80}: 'java.lang.Object java.lang.invoke.DirectMethodHandle$Holder.invokeVirtual(java.lang.Object, java.lang.Object, java.lang.Object, java.lang.Object, java.lang.Object, java.lang.Object, java.lang.Object)'> (0x0000000706d9ec80) thrown at [./src/hotspot/share/interpreter/linkResolver.cpp, line 773]
Event: 31.411 Thread 0x00000000004de000 Exception <a 'java/lang/NoSuchMethodError'{0x0000000706db31b0}: 'java.lang.Object java.lang.invoke.Invokers$Holder.invoker(java.lang.Object, java.lang.Object, java.lang.Object)'> (0x0000000706db31b0) thrown at [./src/hotspot/share/interpreter/linkResolver.cpp, line 773]
Event: 31.419 Thread 0x00000000004de000 Exception <a 'java/lang/NoSuchMethodError'{0x0000000706dc4228}: 'void java.lang.invoke.DelegatingMethodHandle$Holder.delegate(java.lang.Object, java.lang.Object, int, java.lang.Object)'> (0x0000000706dc4228) thrown at [./src/hotspot/share/interpreter/linkResolver.cpp, line 773]
Event: 33.257 Thread 0x00000000004de000 Exception <a 'java/lang/UnsatisfiedLinkError'{0x0000000706cf2110}> (0x0000000706cf2110) thrown at [./src/hotspot/share/prims/jvm.cpp, line 3464]
Event: 33.257 Thread 0x00000000004de000 Exception <a 'java/lang/UnsatisfiedLinkError'{0x0000000706cf2110}> (0x0000000706cf2110) thrown at [./src/hotspot/share/prims/jni.cpp, line 615]
Event: 33.389 Thread 0x00000000004de000 Exception <a 'java/lang/UnsatisfiedLinkError'{0x0000000706cf3e90}> (0x0000000706cf3e90) thrown at [./src/hotspot/share/prims/jvm.cpp, line 3464]
Event: 33.389 Thread 0x00000000004de000 Exception <a 'java/lang/UnsatisfiedLinkError'{0x0000000706cf3e90}> (0x0000000706cf3e90) thrown at [./src/hotspot/share/prims/jni.cpp, line 615]
Event: 59.266 Thread 0x00000000004de000 Exception <a 'java/security/PrivilegedActionException'{0x00000007059d96f8}> (0x00000007059d96f8) thrown at [./src/hotspot/share/prims/jvm.cpp, line 1306]
Event: 59.266 Thread 0x00000000004de000 Exception <a 'java/security/PrivilegedActionException'{0x00000007059d9c70}> (0x00000007059d9c70) thrown at [./src/hotspot/share/prims/jvm.cpp, line 1306]
Event: 68.597 Thread 0x00000000004de000 Exception <a 'java/lang/NoSuchMethodError'{0x0000000704786c28}: 'java.lang.Object java.lang.invoke.DirectMethodHandle$Holder.invokeStaticInit(java.lang.Object, java.lang.Object, java.lang.Object)'> (0x0000000704786c28) thrown at [./src/hotspot/share/interpreter/linkResolver.cpp, line 773]
Event: 73.634 Thread 0x00000000004de000 Exception <a 'java/lang/NoSuchMethodError'{0x00000007041f5988}: 'java.lang.Object java.lang.invoke.DirectMethodHandle$Holder.invokeStaticInit(java.lang.Object, int, int, int, int)'> (0x00000007041f5988) thrown at [./src/hotspot/share/interpreter/linkResolver.cpp, line 773]
Event: 75.160 Thread 0x00000000004de000 Exception <a 'java/lang/NoSuchMethodError'{0x000000070401dc20}: 'java.lang.Object java.lang.invoke.DirectMethodHandle$Holder.invokeStaticInit(java.lang.Object, java.lang.Object, int, int, int, int)'> (0x000000070401dc20) thrown at [./src/hotspot/share/interpreter/linkResolver.cpp, line 773]
Event: 77.052 Thread 0x00000000004de000 Exception <a 'java/lang/NoSuchMethodError'{0x0000000703f08be0}: 'java.lang.Object java.lang.invoke.DirectMethodHandle$Holder.invokeStaticInit(java.lang.Object, int)'> (0x0000000703f08be0) thrown at [./src/hotspot/share/interpreter/linkResolver.cpp, line 773]
Event: 77.485 Thread 0x00000000004de000 Exception <a 'java/io/IOException'{0x0000000703e40458}> (0x0000000703e40458) thrown at [./src/hotspot/share/prims/jni.cpp, line 615]
Event: 81.001 Thread 0x0000000025425000 Exception <a 'java/lang/NoSuchMethodError'{0x00000007037edc58}: 'long java.lang.invoke.DirectMethodHandle$Holder.invokeInterface(java.lang.Object, java.lang.Object)'> (0x00000007037edc58) thrown at [./src/hotspot/share/interpreter/linkResolver.cpp, line 773]
Event: 81.002 Thread 0x0000000025425000 Exception <a 'java/lang/NoSuchMethodError'{0x00000007037facf8}: 'void java.lang.invoke.DelegatingMethodHandle$Holder.reinvoke_L(java.lang.Object, java.lang.Object, java.lang.Object, java.lang.Object, java.lang.Object, java.lang.Object, java.lang.Object)'> (0x00000007037facf8) thrown at [./src/hotspot/share/interpreter/linkResolver.cpp, line 773]
Event: 94.543 Thread 0x0000000025425000 Exception <a 'java/lang/NoSuchMethodError'{0x0000000706565430}: 'void java.lang.invoke.DirectMethodHandle$Holder.invokeStaticInit(java.lang.Object)'> (0x0000000706565430) thrown at [./src/hotspot/share/interpreter/linkResolver.cpp, line 773]
Event: 94.835 Thread 0x0000000025425000 Exception <a 'java/lang/NoSuchMethodError'{0x0000000706412e98}: 'java.lang.Object java.lang.invoke.DirectMethodHandle$Holder.invokeStatic(java.lang.Object, java.lang.Object, java.lang.Object, int)'> (0x0000000706412e98) thrown at [./src/hotspot/share/interpreter/linkResolver.cpp, line 773]
Event: 94.836 Thread 0x0000000025425000 Exception <a 'java/lang/NoSuchMethodError'{0x00000007064175b0}: 'java.lang.Object java.lang.invoke.DirectMethodHandle$Holder.invokeSpecial(java.lang.Object, java.lang.Object, java.lang.Object, java.lang.Object, int)'> (0x00000007064175b0) thrown at [./src/hotspot/share/interpreter/linkResolver.cpp, line 773]
Event: 94.836 Thread 0x0000000025425000 Exception <a 'java/lang/NoSuchMethodError'{0x000000070641b4e8}: 'java.lang.Object java.lang.invoke.Invokers$Holder.linkToTargetMethod(java.lang.Object, java.lang.Object, int, java.lang.Object)'> (0x000000070641b4e8) thrown at [./src/hotspot/share/interpreter/linkResolver.cpp, line 773]

Events (20 events):
Event: 96.014 loading class org/gradle/internal/hash/DefaultFileHasher done
Event: 96.021 loading class org/gradle/internal/serialize/InterningStringSerializer
Event: 96.021 loading class org/gradle/internal/serialize/InterningStringSerializer done
Event: 96.022 loading class org/gradle/api/internal/changedetection/state/CachingFileHasher$FileInfoSerializer
Event: 96.022 loading class org/gradle/api/internal/changedetection/state/CachingFileHasher$FileInfoSerializer done
Event: 96.023 Thread 0x000000002572b000 Thread added: 0x000000002572b000
Event: 96.166 loading class org/gradle/internal/file/FileHierarchySet
Event: 96.166 loading class org/gradle/internal/file/FileHierarchySet done
Event: 96.168 Executing VM operation: RevokeBias
Event: 96.168 Executing VM operation: RevokeBias done
Event: 96.169 Executing VM operation: RevokeBias
Event: 96.169 Executing VM operation: RevokeBias done
Event: 96.172 Executing VM operation: RevokeBias
Event: 96.173 Executing VM operation: RevokeBias done
Event: 96.245 loading class org/gradle/internal/file/FileHierarchySet$1
Event: 96.245 loading class org/gradle/internal/file/FileHierarchySet$1 done
Event: 96.245 loading class org/gradle/internal/file/FileHierarchySet$PrefixFileSet
Event: 96.245 loading class org/gradle/internal/file/FileHierarchySet$PrefixFileSet done
Event: 96.277 loading class org/gradle/internal/service/scopes/VirtualFileSystemServices$GradleUserHomeServices$1
Event: 96.277 loading class org/gradle/internal/service/scopes/VirtualFileSystemServices$GradleUserHomeServices$1 done


Dynamic libraries:
0x000000013f550000 - 0x000000013f55a000 	F:\AndroidStudio4\install_here\jre\bin\java.exe
0x0000000077b60000 - 0x0000000077cff000 	C:\Windows\SYSTEM32\ntdll.dll
0x0000000077a40000 - 0x0000000077b5f000 	C:\Windows\system32\kernel32.dll
0x000007fefda60000 - 0x000007fefdaca000 	C:\Windows\system32\KERNELBASE.dll
0x000007fee60c0000 - 0x000007fee60d9000 	F:\AndroidStudio4\install_here\jre\bin\jli.dll
0x000007fefc830000 - 0x000007fefca24000 	C:\Windows\WinSxS\amd64_microsoft.windows.common-controls_6595b64144ccf1df_6.0.7601.18837_none_fa3b1e3d17594757\COMCTL32.dll
0x000007feffac0000 - 0x000007feffb5f000 	C:\Windows\system32\msvcrt.dll
0x000007fefdde0000 - 0x000007fefde47000 	C:\Windows\system32\GDI32.dll
0x0000000077940000 - 0x0000000077a3a000 	C:\Windows\system32\USER32.dll
0x000007fefddd0000 - 0x000007fefddde000 	C:\Windows\system32\LPK.dll
0x000007fefdd00000 - 0x000007fefddcb000 	C:\Windows\system32\USP10.dll
0x000007fefe2c0000 - 0x000007fefe331000 	C:\Windows\system32\SHLWAPI.dll
0x000007fee4af0000 - 0x000007fee4b07000 	F:\AndroidStudio4\install_here\jre\bin\VCRUNTIME140.dll
0x000007fef4880000 - 0x000007fef4884000 	C:\Windows\system32\api-ms-win-crt-runtime-l1-1-0.dll
0x000007fef4780000 - 0x000007fef4874000 	C:\Windows\system32\ucrtbase.DLL
0x000007fef4770000 - 0x000007fef4773000 	C:\Windows\system32\api-ms-win-core-timezone-l1-1-0.dll
0x000007fef4760000 - 0x000007fef4763000 	C:\Windows\system32\api-ms-win-core-file-l2-1-0.dll
0x000007fef4750000 - 0x000007fef4753000 	C:\Windows\system32\api-ms-win-core-localization-l1-2-0.dll
0x000007fef93e0000 - 0x000007fef93e3000 	C:\Windows\system32\api-ms-win-core-synch-l1-2-0.dll
0x000007fef4740000 - 0x000007fef4743000 	C:\Windows\system32\api-ms-win-core-processthreads-l1-1-1.dll
0x000007fef4730000 - 0x000007fef4733000 	C:\Windows\system32\api-ms-win-core-file-l1-2-0.dll
0x000007fef4710000 - 0x000007fef4714000 	C:\Windows\system32\api-ms-win-crt-string-l1-1-0.dll
0x000007fef4720000 - 0x000007fef4723000 	C:\Windows\system32\api-ms-win-crt-heap-l1-1-0.dll
0x000007fef4700000 - 0x000007fef4704000 	C:\Windows\system32\api-ms-win-crt-stdio-l1-1-0.dll
0x000007fef46f0000 - 0x000007fef46f4000 	C:\Windows\system32\api-ms-win-crt-convert-l1-1-0.dll
0x000007fef46b0000 - 0x000007fef46b3000 	C:\Windows\system32\api-ms-win-crt-environment-l1-1-0.dll
0x000007fef46c0000 - 0x000007fef46c3000 	C:\Windows\system32\api-ms-win-crt-filesystem-l1-1-0.dll
0x000007fef4560000 - 0x000007fef4565000 	C:\Windows\system32\api-ms-win-crt-math-l1-1-0.dll
0x000007fef4570000 - 0x000007fef4573000 	C:\Windows\system32\api-ms-win-crt-locale-l1-1-0.dll
0x000007fefe1f0000 - 0x000007fefe21e000 	C:\Windows\system32\IMM32.DLL
0x000007fefdbf0000 - 0x000007fefdcf9000 	C:\Windows\system32\MSCTF.dll
0x000007fefd770000 - 0x000007fefd7a0000 	C:\Windows\system32\nvinitx.dll
0x000007fefd760000 - 0x000007fefd76c000 	C:\Windows\system32\VERSION.dll
0x000007fefe810000 - 0x000007fefe8eb000 	C:\Windows\system32\ADVAPI32.dll
0x000007fefe1d0000 - 0x000007fefe1ef000 	C:\Windows\SYSTEM32\sechost.dll
0x000007fefe600000 - 0x000007fefe72c000 	C:\Windows\system32\RPCRT4.dll
0x0000000073c70000 - 0x0000000073c76000 	C:\Program Files\NVIDIA Corporation\CoProcManager\detoured.dll
0x000007fef9ec0000 - 0x000007fef9ef8000 	C:\Program Files\NVIDIA Corporation\CoProcManager\nvd3d9wrapx.dll
0x000007feff8e0000 - 0x000007feffab7000 	C:\Windows\system32\SETUPAPI.dll
0x000007fefd8b0000 - 0x000007fefd8e6000 	C:\Windows\system32\CFGMGR32.dll
0x000007fefe730000 - 0x000007fefe80a000 	C:\Windows\system32\OLEAUT32.dll
0x000007feff6e0000 - 0x000007feff8dc000 	C:\Windows\system32\ole32.dll
0x000007fefdbd0000 - 0x000007fefdbea000 	C:\Windows\system32\DEVOBJ.dll
0x000007fef9e90000 - 0x000007fef9eb4000 	C:\Program Files\NVIDIA Corporation\CoProcManager\nvdxgiwrapx.dll
0x000007fee4a50000 - 0x000007fee4aed000 	F:\AndroidStudio4\install_here\jre\bin\msvcp140.dll
0x000007fef4400000 - 0x000007fef4405000 	C:\Windows\system32\api-ms-win-crt-multibyte-l1-1-0.dll
0x000007fef46e0000 - 0x000007fef46e3000 	C:\Windows\system32\api-ms-win-crt-time-l1-1-0.dll
0x000007fef46d0000 - 0x000007fef46d3000 	C:\Windows\system32\api-ms-win-crt-utility-l1-1-0.dll
0x000007fed1ef0000 - 0x000007fed29d5000 	F:\AndroidStudio4\install_here\jre\bin\server\jvm.dll
0x000007feedd50000 - 0x000007feedd59000 	C:\Windows\system32\WSOCK32.dll
0x000007fefde50000 - 0x000007fefde9d000 	C:\Windows\system32\WS2_32.dll
0x000007fefe570000 - 0x000007fefe578000 	C:\Windows\system32\NSI.dll
0x000007fefa520000 - 0x000007fefa55b000 	C:\Windows\system32\WINMM.dll
0x0000000077d00000 - 0x0000000077d07000 	C:\Windows\system32\PSAPI.DLL
0x000007fee7cb0000 - 0x000007fee7cc1000 	F:\AndroidStudio4\install_here\jre\bin\verify.dll
0x000007fef4420000 - 0x000007fef4545000 	C:\Windows\system32\DBGHELP.DLL
0x000007feec200000 - 0x000007feec229000 	F:\AndroidStudio4\install_here\jre\bin\java.dll
0x000007fef93c0000 - 0x000007fef93cb000 	F:\AndroidStudio4\install_here\jre\bin\jimage.dll
0x000007fee7c90000 - 0x000007fee7ca8000 	F:\AndroidStudio4\install_here\jre\bin\zip.dll
0x000007fefe8f0000 - 0x000007feff67b000 	C:\Windows\system32\SHELL32.dll
0x000007fefd830000 - 0x000007fefd83f000 	C:\Windows\system32\profapi.dll
0x000007fee7c70000 - 0x000007fee7c8a000 	F:\AndroidStudio4\install_here\jre\bin\net.dll
0x000007fef4e30000 - 0x000007fef4ea1000 	C:\Windows\system32\WINHTTP.dll
0x000007fef4dc0000 - 0x000007fef4e25000 	C:\Windows\system32\webio.dll
0x000007fefcf50000 - 0x000007fefcfa5000 	C:\Windows\system32\mswsock.dll
0x000007fefcf40000 - 0x000007fefcf47000 	C:\Windows\System32\wship6.dll
0x000007fee7a20000 - 0x000007fee7a34000 	F:\AndroidStudio4\install_here\jre\bin\nio.dll
0x000007fee4b10000 - 0x000007fee4b37000 	E:\Users\Administrator\.gradle\native\e1d6ef7f7dcc3fd88c89a11ec53ec762bb8ba0a96d01ffa2cd45eb1d1d8dd5c5\windows-amd64\native-platform.dll
0x000007fef10d0000 - 0x000007fef10da000 	F:\AndroidStudio4\install_here\jre\bin\management.dll
0x000007feee400000 - 0x000007feee40d000 	F:\AndroidStudio4\install_here\jre\bin\management_ext.dll
0x000007fefcfb0000 - 0x000007fefcfc8000 	C:\Windows\system32\CRYPTSP.dll
0x000007fefccb0000 - 0x000007fefccf7000 	C:\Windows\system32\rsaenh.dll
0x000007fefd860000 - 0x000007fefd87e000 	C:\Windows\system32\USERENV.dll
0x000007fefd690000 - 0x000007fefd69f000 	C:\Windows\system32\CRYPTBASE.dll
0x000007fefb310000 - 0x000007fefb337000 	C:\Windows\system32\IPHLPAPI.DLL
0x000007fefb300000 - 0x000007fefb30b000 	C:\Windows\system32\WINNSI.DLL
0x000007fefafa0000 - 0x000007fefafb8000 	C:\Windows\system32\dhcpcsvc.DLL
0x000007fefaf80000 - 0x000007fefaf91000 	C:\Windows\system32\dhcpcsvc6.DLL

dbghelp: loaded successfully - version: 4.0.5 - missing functions: none
symbol engine: initialized successfully - sym options: 0x614 - pdb path: .;F:\AndroidStudio4\install_here\jre\bin;C:\Windows\SYSTEM32;C:\Windows\WinSxS\amd64_microsoft.windows.common-controls_6595b64144ccf1df_6.0.7601.18837_none_fa3b1e3d17594757;C:\Program Files\NVIDIA Corporation\CoProcManager;F:\AndroidStudio4\install_here\jre\bin\server;E:\Users\Administrator\.gradle\native\e1d6ef7f7dcc3fd88c89a11ec53ec762bb8ba0a96d01ffa2cd45eb1d1d8dd5c5\windows-amd64

VM Arguments:
jvm_args: -XX:MaxPermSize=2048m -XX:+HeapDumpOnOutOfMemoryError --add-opens=java.base/java.util=ALL-UNNAMED --add-opens=java.base/java.lang=ALL-UNNAMED --add-opens=java.base/java.lang.invoke=ALL-UNNAMED --add-opens=java.base/java.util=ALL-UNNAMED --add-opens=java.prefs/java.util.prefs=ALL-UNNAMED --add-opens=java.prefs/java.util.prefs=ALL-UNNAMED --add-opens=java.base/java.nio.charset=ALL-UNNAMED --add-opens=java.base/java.net=ALL-UNNAMED --add-opens=java.base/java.util.concurrent.atomic=ALL-UNNAMED -Xmx4096m -Dfile.encoding=UTF-8 -Duser.country=CN -Duser.language=zh -Duser.variant 
java_command: org.gradle.launcher.daemon.bootstrap.GradleDaemon 7.3.3
java_class_path (initial): E:\Users\Administrator\.gradle\wrapper\dists\gradle-7.3.3-bin\6a41zxkdtcxs8rphpq6y0069z\gradle-7.3.3\lib\gradle-launcher-7.3.3.jar
Launcher Type: SUN_STANDARD

[Global flags]
     intx CICompilerCount                          = 4                                         {product} {ergonomic}
     uint ConcGCThreads                            = 2                                         {product} {ergonomic}
     uint G1ConcRefinementThreads                  = 8                                         {product} {ergonomic}
   size_t G1HeapRegionSize                         = 1048576                                   {product} {ergonomic}
    uintx GCDrainStackTargetSize                   = 64                                        {product} {ergonomic}
     bool HeapDumpOnOutOfMemoryError               = true                                   {manageable} {command line}
   size_t InitialHeapSize                          = 134217728                                 {product} {ergonomic}
   size_t MarkStackSize                            = 4194304                                   {product} {ergonomic}
   size_t MaxHeapSize                              = 4294967296                                {product} {command line}
   size_t MaxNewSize                               = 2576351232                                {product} {ergonomic}
   size_t MinHeapDeltaBytes                        = 1048576                                   {product} {ergonomic}
    uintx NonNMethodCodeHeapSize                   = 5836300                                {pd product} {ergonomic}
    uintx NonProfiledCodeHeapSize                  = 122910970                              {pd product} {ergonomic}
    uintx ProfiledCodeHeapSize                     = 122910970                              {pd product} {ergonomic}
    uintx ReservedCodeCacheSize                    = 251658240                              {pd product} {ergonomic}
     bool SegmentedCodeCache                       = true                                      {product} {ergonomic}
     bool UseCompressedClassPointers               = true                                 {lp64_product} {ergonomic}
     bool UseCompressedOops                        = true                                 {lp64_product} {ergonomic}
     bool UseG1GC                                  = true                                      {product} {ergonomic}
     bool UseLargePagesIndividualAllocation        = false                                  {pd product} {ergonomic}

Logging:
Log output configuration:
 #0: stdout all=warning uptime,level,tags
 #1: stderr all=off uptime,level,tags

Environment Variables:
JAVA_HOME=F:\java
CLASSPATH=.;F:\java\lib;F:\java\lib\tools.jar
PATH=F:\java\jre\bin;F:\java\bin;C:\Program Files\VanDyke Software\Clients\;C:\Windows\system32;C:\Windows;C:\Windows\System32\Wbem;C:\Windows\System32\WindowsPowerShell\v1.0\;C:\Program Files (x86)\Windows7Master;C:\Program Files\WIDCOMM\Bluetooth Software\;C:\Program Files\WIDCOMM\Bluetooth Software\syswow64;C:\Program Files (x86)\NVIDIA Corporation\PhysX\Common;F:\android_sdk\platform-tools;F:\android_sdk\tools;C:\Program Files (x86)\Microsoft SQL Server\100\Tools\Binn\;C:\Program Files\Microsoft SQL Server\100\Tools\Binn\;C:\Program Files\Microsoft SQL Server\100\DTS\Binn\;F:\opencv\opencv_3.1.0\opencv\build\x64\vc14\bin;F:\android-ndk-r13b;C:\Program Files\Microsoft SQL Server\130\Tools\Binn\;E:\python;E:\python\Scripts;E:\Program Files\nodejs\;D:\Program Files (x86)\Rational\common;E:\Users\Administrator\.gradle\wrapper\dists\gradle-6.5\bin;E:\server_about_exe\apache-maven-3.3.9\bin;C:\Program Files (x86)\Common Files\Thunder Network\KanKan\Codecs;C:\Program Files (x86)\Microsoft SQL Server\150\DTS\Binn\;F:\android_sdk\cmake\3.6.4111459;E:\mysql\mysql-8.0.27-winx64\bin;H:\tomcat\apache-tomcat-7.0.76\bin;H:\tomcat\apache-tomcat-7.0.76\lib;F:\Xshell-7.0.0099p\;C:\Program Files\Git\cmd;H:\fiddler_temp\Fiddler;C:\Users\Administrator\AppData\Roaming\npm;F:\intelliJ_IDEA\install_here\IntelliJ IDEA Community Edition 2021.2.3\bin;
USERNAME=Administrator
OS=Windows_NT
PROCESSOR_IDENTIFIER=Intel64 Family 6 Model 60 Stepping 3, GenuineIntel



---------------  S Y S T E M  ---------------

OS: Windows 7 , 64 bit Build 7601 (6.1.7601.24384)
OS uptime: 0 days 22:33 hours

CPU:total 8 (initial active 8) (4 cores per cpu, 2 threads per core) family 6 model 60 stepping 3 microcode 0x0, cmov, cx8, fxsr, mmx, sse, sse2, sse3, ssse3, sse4.1, sse4.2, popcnt, avx, avx2, aes, clmul, erms, lzcnt, ht, tsc, tscinvbit, bmi1, bmi2, fma

Memory: 4k page, system-wide physical 8118M (81M free)
TotalPageFile size 18356M (AvailPageFile size 77M)
current process WorkingSet (physical memory assigned to process): 195M, peak: 197M
current process commit charge ("private bytes"): 279M, peak: 279M

vm_info: OpenJDK 64-Bit Server VM (11.0.12+7-b1504.28-7817840) for windows-amd64 JRE (11.0.12+7-b1504.28-7817840), built on Oct 13 2021 22:12:33 by "builder" with MS VC++ 14.0 (VS2015)

END.
